\BOOKMARK [1][-]{appendix.A}{Introduction}{}% 1
\BOOKMARK [1][-]{appendix.B}{Objective}{}% 2
\BOOKMARK [1][-]{appendix.C}{Aim}{}% 3
\BOOKMARK [1][-]{appendix.D}{Programs, Materials and Methods}{}% 4
\BOOKMARK [2][-]{subsection.D.1}{External programs used}{appendix.D}% 5
\BOOKMARK [3][-]{subsubsection.D.1.1}{3DS Max}{subsection.D.1}% 6
\BOOKMARK [3][-]{subsubsection.D.1.2}{Photoshop}{subsection.D.1}% 7
\BOOKMARK [3][-]{subsubsection.D.1.3}{Visual Studio}{subsection.D.1}% 8
\BOOKMARK [2][-]{subsection.D.2}{Materials}{appendix.D}% 9
\BOOKMARK [3][-]{subsubsection.D.2.1}{DirectX}{subsection.D.2}% 10
\BOOKMARK [3][-]{subsubsection.D.2.2}{A dedicated graphic card}{subsection.D.2}% 11
\BOOKMARK [2][-]{subsection.D.3}{Method}{appendix.D}% 12
\BOOKMARK [3][-]{subsubsection.D.3.1}{Overview Diagram}{subsection.D.3}% 13
\BOOKMARK [3][-]{subsubsection.D.3.2}{Details}{subsection.D.3}% 14
\BOOKMARK [4][-]{paragraph.D.3.2.1}{Preparation}{subsubsection.D.3.2}% 15
\BOOKMARK [4][-]{paragraph.D.3.2.2}{Player}{subsubsection.D.3.2}% 16
\BOOKMARK [4][-]{paragraph.D.3.2.3}{Cameras}{subsubsection.D.3.2}% 17
\BOOKMARK [4][-]{paragraph.D.3.2.4}{RayCasting}{subsubsection.D.3.2}% 18
\BOOKMARK [4][-]{paragraph.D.3.2.5}{Bump mapping}{subsubsection.D.3.2}% 19
\BOOKMARK [4][-]{paragraph.D.3.2.6}{Lighting}{subsubsection.D.3.2}% 20
\BOOKMARK [4][-]{paragraph.D.3.2.7}{Shader}{subsubsection.D.3.2}% 21
\BOOKMARK [5][-]{subparagraph.D.3.2.7.1}{Shader overview}{paragraph.D.3.2.7}% 22
\BOOKMARK [5][-]{subparagraph.D.3.2.7.2}{Apply shader on 3D mesh}{paragraph.D.3.2.7}% 23
\BOOKMARK [5][-]{subparagraph.D.3.2.7.3}{Post processing}{paragraph.D.3.2.7}% 24
\BOOKMARK [4][-]{paragraph.D.3.2.8}{Result and discussion}{subsubsection.D.3.2}% 25
\BOOKMARK [5][-]{subparagraph.D.3.2.8.1}{RayCasting}{paragraph.D.3.2.8}% 26
